This is pdfTeX, Version 3.14159265-2.6-1.40.18 (MiKTeX 2.9.6500 64-bit) (preloaded format=pdflatex 2018.9.26)  18 APR 2019 20:23
entering extended mode
**./Final-Project-Report-Rough-Draft.tex
(Final-Project-Report-Rough-Draft.tex
LaTeX2e <2017-04-15>
Babel <3.15> and hyphenation patterns for 75 language(s) loaded.
("C:\Program Files\MiKTeX 2.9\tex\latex\filecontents\filecontents.sty"
Package: filecontents 2018/05/30 v1.4 Create an external file from within a LaT
eX document
)

LaTeX Warning: Overwriting file `./reference.bib'.

\openout15 = `reference.bib'.


LaTeX Warning: Tab has been converted to Blank Space.


("C:\Program Files\MiKTeX 2.9\tex\latex\ieeetran\IEEEtran.cls"
Document Class: IEEEtran 2015/08/26 V1.8b by Michael Shell
-- See the "IEEEtran_HOWTO" manual for usage information.
-- http://www.michaelshell.org/tex/ieeetran/
\@IEEEtrantmpdimenA=\dimen102
\@IEEEtrantmpdimenB=\dimen103
\@IEEEtrantmpdimenC=\dimen104
\@IEEEtrantmpcountA=\count79
\@IEEEtrantmpcountB=\count80
\@IEEEtrantmpcountC=\count81
\@IEEEtrantmptoksA=\toks14
LaTeX Font Info:    Try loading font information for OT1+ptm on input line 503.

("C:\Program Files\MiKTeX 2.9\tex\latex\psnfss\ot1ptm.fd"
File: ot1ptm.fd 2001/06/04 font definitions for OT1/ptm.
)
** ATTENTION: Single column mode is not typically used with IEEE publications.
-- Using 8.5in x 11in (letter) paper.
-- Using PDF output.
\@IEEEnormalsizeunitybaselineskip=\dimen105
-- This is a 12 point document.
\CLASSINFOnormalsizebaselineskip=\dimen106
\CLASSINFOnormalsizeunitybaselineskip=\dimen107
\IEEEnormaljot=\dimen108
LaTeX Font Info:    Font shape `OT1/ptm/bx/n' in size <6> not available
(Font)              Font shape `OT1/ptm/b/n' tried instead on input line 1090.
LaTeX Font Info:    Font shape `OT1/ptm/bx/it' in size <6> not available
(Font)              Font shape `OT1/ptm/b/it' tried instead on input line 1090.

LaTeX Font Info:    Font shape `OT1/ptm/bx/n' in size <8> not available
(Font)              Font shape `OT1/ptm/b/n' tried instead on input line 1090.
LaTeX Font Info:    Font shape `OT1/ptm/bx/it' in size <8> not available
(Font)              Font shape `OT1/ptm/b/it' tried instead on input line 1090.

LaTeX Font Info:    Font shape `OT1/ptm/bx/n' in size <9> not available
(Font)              Font shape `OT1/ptm/b/n' tried instead on input line 1090.
LaTeX Font Info:    Font shape `OT1/ptm/bx/it' in size <9> not available
(Font)              Font shape `OT1/ptm/b/it' tried instead on input line 1090.

LaTeX Font Info:    Font shape `OT1/ptm/bx/n' in size <10> not available
(Font)              Font shape `OT1/ptm/b/n' tried instead on input line 1090.
LaTeX Font Info:    Font shape `OT1/ptm/bx/it' in size <10> not available
(Font)              Font shape `OT1/ptm/b/it' tried instead on input line 1090.

LaTeX Font Info:    Font shape `OT1/ptm/bx/n' in size <12> not available
(Font)              Font shape `OT1/ptm/b/n' tried instead on input line 1090.
LaTeX Font Info:    Font shape `OT1/ptm/bx/it' in size <12> not available
(Font)              Font shape `OT1/ptm/b/it' tried instead on input line 1090.

LaTeX Font Info:    Font shape `OT1/ptm/bx/n' in size <14> not available
(Font)              Font shape `OT1/ptm/b/n' tried instead on input line 1090.
LaTeX Font Info:    Font shape `OT1/ptm/bx/it' in size <14> not available
(Font)              Font shape `OT1/ptm/b/it' tried instead on input line 1090.

LaTeX Font Info:    Font shape `OT1/ptm/bx/n' in size <20> not available
(Font)              Font shape `OT1/ptm/b/n' tried instead on input line 1090.
LaTeX Font Info:    Font shape `OT1/ptm/bx/it' in size <20> not available
(Font)              Font shape `OT1/ptm/b/it' tried instead on input line 1090.

LaTeX Font Info:    Font shape `OT1/ptm/bx/n' in size <22> not available
(Font)              Font shape `OT1/ptm/b/n' tried instead on input line 1090.
LaTeX Font Info:    Font shape `OT1/ptm/bx/it' in size <22> not available
(Font)              Font shape `OT1/ptm/b/it' tried instead on input line 1090.

LaTeX Font Info:    Font shape `OT1/ptm/bx/n' in size <24> not available
(Font)              Font shape `OT1/ptm/b/n' tried instead on input line 1090.
LaTeX Font Info:    Font shape `OT1/ptm/bx/it' in size <24> not available
(Font)              Font shape `OT1/ptm/b/it' tried instead on input line 1090.

\IEEEquantizedlength=\dimen109
\IEEEquantizedlengthdiff=\dimen110
\IEEEquantizedtextheightdiff=\dimen111
\IEEEilabelindentA=\dimen112
\IEEEilabelindentB=\dimen113
\IEEEilabelindent=\dimen114
\IEEEelabelindent=\dimen115
\IEEEdlabelindent=\dimen116
\IEEElabelindent=\dimen117
\IEEEiednormlabelsep=\dimen118
\IEEEiedmathlabelsep=\dimen119
\IEEEiedtopsep=\skip41
\c@section=\count82
\c@subsection=\count83
\c@subsubsection=\count84
\c@paragraph=\count85
\c@IEEEsubequation=\count86
\abovecaptionskip=\skip42
\belowcaptionskip=\skip43
\c@figure=\count87
\c@table=\count88
\@IEEEeqnnumcols=\count89
\@IEEEeqncolcnt=\count90
\@IEEEsubeqnnumrollback=\count91
\@IEEEquantizeheightA=\dimen120
\@IEEEquantizeheightB=\dimen121
\@IEEEquantizeheightC=\dimen122
\@IEEEquantizeprevdepth=\dimen123
\@IEEEquantizemultiple=\count92
\@IEEEquantizeboxA=\box26
\@IEEEtmpitemindent=\dimen124
\IEEEPARstartletwidth=\dimen125
\c@IEEEbiography=\count93
\@IEEEtranrubishbin=\box27
) ("C:\Program Files\MiKTeX 2.9\tex\latex\dtk\dtk-logos.sty"
Package: dtk-logos 2017/06/07 v. 1.01 Dante Edition: Logos (hv)

("C:\Program Files\MiKTeX 2.9\tex\generic\oberdiek\hologo.sty"
Package: hologo 2016/05/16 v1.12 A logo collection with bookmark support (HO)

("C:\Program Files\MiKTeX 2.9\tex\generic\oberdiek\ltxcmds.sty"
Package: ltxcmds 2016/05/16 v1.23 LaTeX kernel commands for general use (HO)
)
("C:\Program Files\MiKTeX 2.9\tex\generic\oberdiek\infwarerr.sty"
Package: infwarerr 2016/05/16 v1.4 Providing info/warning/error messages (HO)
)
("C:\Program Files\MiKTeX 2.9\tex\generic\oberdiek\kvsetkeys.sty"
Package: kvsetkeys 2016/05/16 v1.17 Key value parser (HO)

("C:\Program Files\MiKTeX 2.9\tex\generic\oberdiek\etexcmds.sty"
Package: etexcmds 2016/05/16 v1.6 Avoid name clashes with e-TeX commands (HO)

("C:\Program Files\MiKTeX 2.9\tex\generic\oberdiek\ifluatex.sty"
Package: ifluatex 2016/05/16 v1.4 Provides the ifluatex switch (HO)
Package ifluatex Info: LuaTeX not detected.
)
Package etexcmds Info: Could not find \expanded.
(etexcmds)             That can mean that you are not using pdfTeX 1.50 or
(etexcmds)             that some package has redefined \expanded.
(etexcmds)             In the latter case, load this package earlier.
))
("C:\Program Files\MiKTeX 2.9\tex\generic\oberdiek\kvdefinekeys.sty"
Package: kvdefinekeys 2016/05/16 v1.4 Define keys (HO)
)
("C:\Program Files\MiKTeX 2.9\tex\generic\oberdiek\pdftexcmds.sty"
Package: pdftexcmds 2017/03/19 v0.25 Utility functions of pdfTeX for LuaTeX (HO
)

("C:\Program Files\MiKTeX 2.9\tex\generic\oberdiek\ifpdf.sty"
Package: ifpdf 2017/03/15 v3.2 Provides the ifpdf switch
)
Package pdftexcmds Info: LuaTeX not detected.
Package pdftexcmds Info: \pdf@primitive is available.
Package pdftexcmds Info: \pdf@ifprimitive is available.
Package pdftexcmds Info: \pdfdraftmode found.
)
("C:\Program Files\MiKTeX 2.9\tex\generic\ifxetex\ifxetex.sty"
Package: ifxetex 2010/09/12 v0.6 Provides ifxetex conditional
)
("C:\Program Files\MiKTeX 2.9\tex\generic\oberdiek\ifvtex.sty"
Package: ifvtex 2016/05/16 v1.6 Detect VTeX and its facilities (HO)
Package ifvtex Info: VTeX not detected.
)
("C:\Program Files\MiKTeX 2.9\tex\latex\oberdiek\kvoptions.sty"
Package: kvoptions 2016/05/16 v3.12 Key value format for package options (HO)

("C:\Program Files\MiKTeX 2.9\tex\latex\graphics\keyval.sty"
Package: keyval 2014/10/28 v1.15 key=value parser (DPC)
\KV@toks@=\toks15
))
Package hologo Info: Using driver `pdftex'.
)
("C:\Program Files\MiKTeX 2.9\tex\latex\dantelogo\dantelogo.sty"
Package: dantelogo 2015/08/12 v0.03

`dantelogo' v0.03, 2015/08/12 macro for DANTE's logo (hv)
("C:\Program Files\MiKTeX 2.9\tex\latex\iftex\iftex.sty"
Package: iftex 2013/04/04 v0.2 Provides if(tex) conditional for PDFTeX, XeTeX, 
and LuaTeX
)
We run (pdf)latex ...  ("C:\Program Files\MiKTeX 2.9\tex\latex\base\fontenc.sty
"
Package: fontenc 2017/04/05 v2.0i Standard LaTeX package
 ("C:\Program Files\MiKTeX 2.9\tex\latex\base\t1enc.def"
File: t1enc.def 2017/04/05 v2.0i Standard LaTeX file
LaTeX Font Info:    Redeclaring font encoding T1 on input line 48.
)
LaTeX Font Info:    Try loading font information for T1+ptm on input line 105.

("C:\Program Files\MiKTeX 2.9\tex\latex\psnfss\t1ptm.fd"
File: t1ptm.fd 2001/06/04 font definitions for T1/ptm.
))))
("C:\Program Files\MiKTeX 2.9\tex\latex\graphics\graphics.sty"
Package: graphics 2017/06/25 v1.2c Standard LaTeX Graphics (DPC,SPQR)

("C:\Program Files\MiKTeX 2.9\tex\latex\graphics\trig.sty"
Package: trig 2016/01/03 v1.10 sin cos tan (DPC)
)
("C:\Program Files\MiKTeX 2.9\tex\latex\graphics-cfg\graphics.cfg"
File: graphics.cfg 2016/06/04 v1.11 sample graphics configuration
)
Package graphics Info: Driver file: pdftex.def on input line 99.

("C:\Program Files\MiKTeX 2.9\tex\latex\graphics-def\pdftex.def"
File: pdftex.def 2017/12/07 v1.0i Graphics/color driver for pdftex
))
("C:\Program Files\MiKTeX 2.9\tex\latex\float\float.sty"
Package: float 2001/11/08 v1.3d Float enhancements (AL)
\c@float@type=\count94
\float@exts=\toks16
\float@box=\box28
\@float@everytoks=\toks17
\@floatcapt=\box29
)
("C:\Program Files\MiKTeX 2.9\tex\latex\caption\caption.sty"
Package: caption 2018/05/01 v3.3-147 Customizing captions (AR)

("C:\Program Files\MiKTeX 2.9\tex\latex\caption\caption3.sty"
Package: caption3 2018/05/27 v1.8a caption3 kernel (AR)
Package caption3 Info: TeX engine: e-TeX on input line 64.
\captionmargin=\dimen126
\captionmargin@=\dimen127
\captionwidth=\dimen128
\caption@tempdima=\dimen129
\caption@indent=\dimen130
\caption@parindent=\dimen131
\caption@hangindent=\dimen132
Package caption Info: Unknown document class (or package),
(caption)             standard defaults will be used.
)

Package caption Warning: Unsupported document class (or package) detected,
(caption)                usage of the caption package is not recommended.
See the caption package documentation for explanation.

Package caption Info: \@makecaption = \long macro:#1#2->\ifx \@captype \@IEEEta
blestring \footnotesize \bgroup \par \centering \@IEEEtabletopskipstrut {\norma
lfont \footnotesize #1}\\{\normalfont \footnotesize \scshape #2}\par \addvspace
 {0.5\baselineskip }\egroup \@IEEEtablecaptionsepspace \else \@IEEEfigurecaptio
nsepspace \setbox \@tempboxa \hbox {\normalfont \footnotesize {#1.}\nobreakspac
e \nobreakspace #2}\ifdim \wd \@tempboxa >\hsize \setbox \@tempboxa \hbox {\nor
malfont \footnotesize {#1.}\nobreakspace \nobreakspace }\parbox [t]{\hsize }{\n
ormalfont \footnotesize \noindent \unhbox \@tempboxa #2}\else \ifCLASSOPTIONcon
ference \hbox to\hsize {\normalfont \footnotesize \hfil \box \@tempboxa \hfil }
\else \hbox to\hsize {\normalfont \footnotesize \box \@tempboxa \hfil }\fi \fi 
\fi .
\c@ContinuedFloat=\count95
Package caption Info: float package is loaded.
) ("C:\Program Files\MiKTeX 2.9\tex\latex\adjustbox\adjustbox.sty"
Package: adjustbox 2018/04/08 v1.1 Adjusting TeX boxes (trim, clip, ...)

("C:\Program Files\MiKTeX 2.9\tex\latex\xkeyval\xkeyval.sty"
Package: xkeyval 2014/12/03 v2.7a package option processing (HA)

("C:\Program Files\MiKTeX 2.9\tex\generic\xkeyval\xkeyval.tex"
("C:\Program Files\MiKTeX 2.9\tex\generic\xkeyval\xkvutils.tex"
\XKV@toks=\toks18
\XKV@tempa@toks=\toks19
)
\XKV@depth=\count96
File: xkeyval.tex 2014/12/03 v2.7a key=value parser (HA)
))
("C:\Program Files\MiKTeX 2.9\tex\latex\adjustbox\adjcalc.sty"
Package: adjcalc 2012/05/16 v1.1 Provides advanced setlength with multiple back
-ends (calc, etex, pgfmath)
)
("C:\Program Files\MiKTeX 2.9\tex\latex\adjustbox\trimclip.sty"
Package: trimclip 2018/04/08 v1.1 Trim and clip general TeX material

("C:\Program Files\MiKTeX 2.9\tex\latex\graphics\graphicx.sty"
Package: graphicx 2017/06/01 v1.1a Enhanced LaTeX Graphics (DPC,SPQR)
\Gin@req@height=\dimen133
\Gin@req@width=\dimen134
)
("C:\Program Files\MiKTeX 2.9\tex\latex\collectbox\collectbox.sty"
Package: collectbox 2012/05/17 v0.4b Collect macro arguments as boxes
\collectedbox=\box30
)
\tc@llx=\dimen135
\tc@lly=\dimen136
\tc@urx=\dimen137
\tc@ury=\dimen138
Package trimclip Info: Using driver 'tc-pdftex.def'.

("C:\Program Files\MiKTeX 2.9\tex\latex\adjustbox\tc-pdftex.def"
File: tc-pdftex.def 2018/04/08 v2.1 Clipping driver for pdftex
))
\adjbox@Width=\dimen139
\adjbox@Height=\dimen140
\adjbox@Depth=\dimen141
\adjbox@Totalheight=\dimen142
\adjbox@pwidth=\dimen143
\adjbox@pheight=\dimen144
\adjbox@pdepth=\dimen145
\adjbox@ptotalheight=\dimen146

("C:\Program Files\MiKTeX 2.9\tex\latex\ifoddpage\ifoddpage.sty"
Package: ifoddpage 2016/04/23 v1.1 Conditionals for odd/even page detection
\c@checkoddpage=\count97
)
("C:\Program Files\MiKTeX 2.9\tex\latex\ltxmisc\varwidth.sty"
Package: varwidth 2009/03/30 ver 0.92;  Variable-width minipages
\@vwid@box=\box31
\sift@deathcycles=\count98
\@vwid@loff=\dimen147
\@vwid@roff=\dimen148
))
("C:\Program Files\MiKTeX 2.9\tex\latex\hyperref\hyperref.sty"
Package: hyperref 2017/03/14 v6.85a Hypertext links for LaTeX

("C:\Program Files\MiKTeX 2.9\tex\generic\oberdiek\hobsub-hyperref.sty"
Package: hobsub-hyperref 2016/05/16 v1.14 Bundle oberdiek, subset hyperref (HO)


("C:\Program Files\MiKTeX 2.9\tex\generic\oberdiek\hobsub-generic.sty"
Package: hobsub-generic 2016/05/16 v1.14 Bundle oberdiek, subset generic (HO)
Package: hobsub 2016/05/16 v1.14 Construct package bundles (HO)
Package hobsub Info: Skipping package `infwarerr' (already loaded).
Package hobsub Info: Skipping package `ltxcmds' (already loaded).
Package hobsub Info: Skipping package `ifluatex' (already loaded).
Package hobsub Info: Skipping package `ifvtex' (already loaded).
Package: intcalc 2016/05/16 v1.2 Expandable calculations with integers (HO)
Package hobsub Info: Skipping package `ifpdf' (already loaded).
Package hobsub Info: Skipping package `etexcmds' (already loaded).
Package hobsub Info: Skipping package `kvsetkeys' (already loaded).
Package hobsub Info: Skipping package `kvdefinekeys' (already loaded).
Package hobsub Info: Skipping package `pdftexcmds' (already loaded).
Package: pdfescape 2016/05/16 v1.14 Implements pdfTeX's escape features (HO)
Package: bigintcalc 2016/05/16 v1.4 Expandable calculations on big integers (HO
)
Package: bitset 2016/05/16 v1.2 Handle bit-vector datatype (HO)
Package: uniquecounter 2016/05/16 v1.3 Provide unlimited unique counter (HO)
)
Package hobsub Info: Skipping package `hobsub' (already loaded).
Package: letltxmacro 2016/05/16 v1.5 Let assignment for LaTeX macros (HO)
Package: hopatch 2016/05/16 v1.3 Wrapper for package hooks (HO)
Package: xcolor-patch 2016/05/16 xcolor patch
Package: atveryend 2016/05/16 v1.9 Hooks at the very end of document (HO)
Package atveryend Info: \enddocument detected (standard20110627).
Package: atbegshi 2016/06/09 v1.18 At begin shipout hook (HO)
Package: refcount 2016/05/16 v3.5 Data extraction from label references (HO)
Package: hycolor 2016/05/16 v1.8 Color options for hyperref/bookmark (HO)
)
("C:\Program Files\MiKTeX 2.9\tex\latex\oberdiek\auxhook.sty"
Package: auxhook 2016/05/16 v1.4 Hooks for auxiliary files (HO)
)
\@linkdim=\dimen149
\Hy@linkcounter=\count99
\Hy@pagecounter=\count100

("C:\Program Files\MiKTeX 2.9\tex\latex\hyperref\pd1enc.def"
File: pd1enc.def 2017/03/14 v6.85a Hyperref: PDFDocEncoding definition (HO)
)
\Hy@SavedSpaceFactor=\count101

("C:\Program Files\MiKTeX 2.9\tex\latex\00miktex\hyperref.cfg"
File: hyperref.cfg 2002/06/06 v1.2 hyperref configuration of TeXLive
)
Package hyperref Info: Hyper figures OFF on input line 4498.
Package hyperref Info: Link nesting OFF on input line 4503.
Package hyperref Info: Hyper index ON on input line 4506.
Package hyperref Info: Plain pages OFF on input line 4513.
Package hyperref Info: Backreferencing OFF on input line 4518.
Package hyperref Info: Implicit mode ON; LaTeX internals redefined.
Package hyperref Info: Bookmarks ON on input line 4751.
\c@Hy@tempcnt=\count102

("C:\Program Files\MiKTeX 2.9\tex\latex\url\url.sty"
\Urlmuskip=\muskip10
Package: url 2013/09/16  ver 3.4  Verb mode for urls, etc.
)
LaTeX Info: Redefining \url on input line 5104.
\XeTeXLinkMargin=\dimen150
\Fld@menulength=\count103
\Field@Width=\dimen151
\Fld@charsize=\dimen152
Package hyperref Info: Hyper figures OFF on input line 6358.
Package hyperref Info: Link nesting OFF on input line 6363.
Package hyperref Info: Hyper index ON on input line 6366.
Package hyperref Info: backreferencing OFF on input line 6373.
Package hyperref Info: Link coloring OFF on input line 6378.
Package hyperref Info: Link coloring with OCG OFF on input line 6383.
Package hyperref Info: PDF/A mode OFF on input line 6388.
LaTeX Info: Redefining \ref on input line 6428.
LaTeX Info: Redefining \pageref on input line 6432.
\Hy@abspage=\count104
\c@Item=\count105
\c@Hfootnote=\count106
)

Package hyperref Message: Driver (autodetected): hpdftex.

("C:\Program Files\MiKTeX 2.9\tex\latex\hyperref\hpdftex.def"
File: hpdftex.def 2017/03/14 v6.85a Hyperref driver for pdfTeX
\Fld@listcount=\count107
\c@bookmark@seq@number=\count108

("C:\Program Files\MiKTeX 2.9\tex\latex\oberdiek\rerunfilecheck.sty"
Package: rerunfilecheck 2016/05/16 v1.8 Rerun checks for auxiliary files (HO)
Package uniquecounter Info: New unique counter `rerunfilecheck' on input line 2
82.
)
\Hy@SectionHShift=\skip44
)
Package hyperref Info: Option `colorlinks' set `true' on input line 249.

(Final-Project-Report-Rough-Draft.aux

LaTeX Warning: Label `table:3' multiply defined.

)
\openout1 = `Final-Project-Report-Rough-Draft.aux'.

LaTeX Font Info:    Checking defaults for OML/cmm/m/it on input line 280.
LaTeX Font Info:    ... okay on input line 280.
LaTeX Font Info:    Checking defaults for T1/cmr/m/n on input line 280.
LaTeX Font Info:    ... okay on input line 280.
LaTeX Font Info:    Checking defaults for OT1/cmr/m/n on input line 280.
LaTeX Font Info:    ... okay on input line 280.
LaTeX Font Info:    Checking defaults for OMS/cmsy/m/n on input line 280.
LaTeX Font Info:    ... okay on input line 280.
LaTeX Font Info:    Checking defaults for OMX/cmex/m/n on input line 280.
LaTeX Font Info:    ... okay on input line 280.
LaTeX Font Info:    Checking defaults for U/cmr/m/n on input line 280.
LaTeX Font Info:    ... okay on input line 280.
LaTeX Font Info:    Checking defaults for PD1/pdf/m/n on input line 280.
LaTeX Font Info:    ... okay on input line 280.
LaTeX Font Info:    Font shape `T1/ptm/bx/n' in size <6> not available
(Font)              Font shape `T1/ptm/b/n' tried instead on input line 280.
LaTeX Font Info:    Font shape `T1/ptm/bx/it' in size <6> not available
(Font)              Font shape `T1/ptm/b/it' tried instead on input line 280.
LaTeX Font Info:    Font shape `T1/ptm/bx/n' in size <8> not available
(Font)              Font shape `T1/ptm/b/n' tried instead on input line 280.
LaTeX Font Info:    Font shape `T1/ptm/bx/it' in size <8> not available
(Font)              Font shape `T1/ptm/b/it' tried instead on input line 280.
LaTeX Font Info:    Font shape `T1/ptm/bx/n' in size <9> not available
(Font)              Font shape `T1/ptm/b/n' tried instead on input line 280.
LaTeX Font Info:    Font shape `T1/ptm/bx/it' in size <9> not available
(Font)              Font shape `T1/ptm/b/it' tried instead on input line 280.
LaTeX Font Info:    Font shape `T1/ptm/bx/n' in size <10> not available
(Font)              Font shape `T1/ptm/b/n' tried instead on input line 280.
LaTeX Font Info:    Font shape `T1/ptm/bx/it' in size <10> not available
(Font)              Font shape `T1/ptm/b/it' tried instead on input line 280.
LaTeX Font Info:    Font shape `T1/ptm/bx/n' in size <12> not available
(Font)              Font shape `T1/ptm/b/n' tried instead on input line 280.
LaTeX Font Info:    Font shape `T1/ptm/bx/it' in size <12> not available
(Font)              Font shape `T1/ptm/b/it' tried instead on input line 280.
LaTeX Font Info:    Font shape `T1/ptm/bx/n' in size <14> not available
(Font)              Font shape `T1/ptm/b/n' tried instead on input line 280.
LaTeX Font Info:    Font shape `T1/ptm/bx/it' in size <14> not available
(Font)              Font shape `T1/ptm/b/it' tried instead on input line 280.
LaTeX Font Info:    Font shape `T1/ptm/bx/n' in size <20> not available
(Font)              Font shape `T1/ptm/b/n' tried instead on input line 280.
LaTeX Font Info:    Font shape `T1/ptm/bx/it' in size <20> not available
(Font)              Font shape `T1/ptm/b/it' tried instead on input line 280.
LaTeX Font Info:    Font shape `T1/ptm/bx/n' in size <22> not available
(Font)              Font shape `T1/ptm/b/n' tried instead on input line 280.
LaTeX Font Info:    Font shape `T1/ptm/bx/it' in size <22> not available
(Font)              Font shape `T1/ptm/b/it' tried instead on input line 280.
LaTeX Font Info:    Font shape `T1/ptm/bx/n' in size <24> not available
(Font)              Font shape `T1/ptm/b/n' tried instead on input line 280.
LaTeX Font Info:    Font shape `T1/ptm/bx/it' in size <24> not available
(Font)              Font shape `T1/ptm/b/it' tried instead on input line 280.

-- Lines per column: 50 (exact).
("C:\Program Files\MiKTeX 2.9\tex\context\base\supp-pdf.mkii"
[Loading MPS to PDF converter (version 2006.09.02).]
\scratchcounter=\count109
\scratchdimen=\dimen153
\scratchbox=\box32
\nofMPsegments=\count110
\nofMParguments=\count111
\everyMPshowfont=\toks20
\MPscratchCnt=\count112
\MPscratchDim=\dimen154
\MPnumerator=\count113
\makeMPintoPDFobject=\count114
\everyMPtoPDFconversion=\toks21
) ("C:\Program Files\MiKTeX 2.9\tex\latex\oberdiek\epstopdf-base.sty"
Package: epstopdf-base 2016/05/15 v2.6 Base part for package epstopdf

("C:\Program Files\MiKTeX 2.9\tex\latex\oberdiek\grfext.sty"
Package: grfext 2016/05/16 v1.2 Manage graphics extensions (HO)
)
Package epstopdf-base Info: Redefining graphics rule for `.eps' on input line 4
38.
Package grfext Info: Graphics extension search list:
(grfext)             [.pdf,.png,.jpg,.mps,.jpeg,.jbig2,.jb2,.PDF,.PNG,.JPG,.JPE
G,.JBIG2,.JB2,.eps]
(grfext)             \AppendGraphicsExtensions on input line 456.
)
Package caption Info: Begin \AtBeginDocument code.
Package caption Info: hyperref package is loaded.
Package caption Info: End \AtBeginDocument code.
\AtBeginShipoutBox=\box33

("C:\Program Files\MiKTeX 2.9\tex\latex\graphics\color.sty"
Package: color 2016/07/10 v1.1e Standard LaTeX Color (DPC)

("C:\Program Files\MiKTeX 2.9\tex\latex\graphics-cfg\color.cfg"
File: color.cfg 2016/01/02 v1.6 sample color configuration
)
Package color Info: Driver file: pdftex.def on input line 147.
)
Package hyperref Info: Link coloring ON on input line 280.

("C:\Program Files\MiKTeX 2.9\tex\latex\hyperref\nameref.sty"
Package: nameref 2016/05/21 v2.44 Cross-referencing by name of section

("C:\Program Files\MiKTeX 2.9\tex\generic\oberdiek\gettitlestring.sty"
Package: gettitlestring 2016/05/16 v1.5 Cleanup title references (HO)
)
\c@section@level=\count115
)
LaTeX Info: Redefining \ref on input line 280.
LaTeX Info: Redefining \pageref on input line 280.
LaTeX Info: Redefining \nameref on input line 280.

(Final-Project-Report-Rough-Draft.out) (Final-Project-Report-Rough-Draft.out)
\@outlinefile=\write3
\openout3 = `Final-Project-Report-Rough-Draft.out'.


[1{C:/Users/pumpe/AppData/Local/MiKTeX/2.9/pdftex/config/pdftex.map}]
LaTeX Font Info:    External font `cmex10' loaded for size
(Font)              <12> on input line 292.
LaTeX Font Info:    External font `cmex10' loaded for size
(Font)              <8> on input line 292.
LaTeX Font Info:    External font `cmex10' loaded for size
(Font)              <6> on input line 292.

Overfull \hbox (33.46408pt too wide) in paragraph at lines 292--350
 [][] 
 []


Overfull \hbox (16.7601pt too wide) in paragraph at lines 354--374
 [][] 
 []


Overfull \vbox (1.01523pt too high) has occurred while \output is active []


[2] [3] [4] (Final-Project-Report-Rough-Draft.toc [5])
\tf@toc=\write4
\openout4 = `Final-Project-Report-Rough-Draft.toc'.


(Final-Project-Report-Rough-Draft.lof [6])
\tf@lof=\write5
\openout5 = `Final-Project-Report-Rough-Draft.lof'.


(Final-Project-Report-Rough-Draft.lot)
\tf@lot=\write6
\openout6 = `Final-Project-Report-Rough-Draft.lot'.

 [7]
<Images/designOverview.png, id=447, 2928.9425pt x 2404.985pt>
File: Images/designOverview.png Graphic file (type png)
<use Images/designOverview.png>
Package pdftex.def Info: Images/designOverview.png  used on input line 399.
(pdftex.def)             Requested size: 2928.9354pt x 2404.97916pt.
pdfTeX warning (ext4): destination with the same identifier (name{page.1}) has 
been already used, duplicate ignored
<to be read again> 
                   \relax 
l.405 
       [1 <./Images/designOverview.png>]pdfTeX warning (ext4): destination with
 the same identifier (name{page.2}) has been already used, duplicate ignored
<to be read again> 
                   \relax 
l.428  \par
            [2]
Underfull \hbox (badness 10000) in paragraph at lines 447--448

 []

pdfTeX warning (ext4): destination with the same identifier (name{page.3}) has 
been already used, duplicate ignored
<to be read again> 
                   \relax 
l.456 \item I
             mage processing program on microcontroller works with the image...
[3]
Underfull \hbox (badness 10000) in paragraph at lines 456--457

 []


Underfull \hbox (badness 10000) in paragraph at lines 471--472

 []


Underfull \hbox (badness 10000) in paragraph at lines 474--475

 []

pdfTeX warning (ext4): destination with the same identifier (name{page.4}) has 
been already used, duplicate ignored
<to be read again> 
                   \relax 
l.501 \item U
             tilize material learned in core and technical elective classes ...
[4]pdfTeX warning (ext4): destination with the same identifier (name{page.5}) h
as been already used, duplicate ignored
<to be read again> 
                   \relax 
l.546 		\item T
               he Python language that is used to program the HUZZAH32 micro...
[5]
Underfull \hbox (badness 10000) in paragraph at lines 565--566

 []


Underfull \hbox (badness 10000) in paragraph at lines 568--569

 []


Underfull \hbox (badness 10000) in paragraph at lines 570--571

 []


Underfull \hbox (badness 10000) in paragraph at lines 572--573

 []

pdfTeX warning (ext4): destination with the same identifier (name{page.6}) has 
been already used, duplicate ignored
<to be read again> 
                   \relax 
l.573 \subsubsection
                    {Microcontroller Involvement} [6]
Underfull \hbox (badness 10000) in paragraph at lines 574--575

 []


Underfull \hbox (badness 10000) in paragraph at lines 577--578

 []


Underfull \hbox (badness 10000) in paragraph at lines 580--581

 []


Underfull \hbox (badness 10000) in paragraph at lines 583--584

 []


Overfull \hbox (9.11447pt too wide) in paragraph at lines 590--592
[]\T1/ptm/m/n/12 IEEE 802.15.3e-2017 - IEEE Stan-dard for High Data Rate Wire-l
ess Multi-Media Networks--Amendment
 []

pdfTeX warning (ext4): destination with the same identifier (name{page.7}) has 
been already used, duplicate ignored
<to be read again> 
                   \relax 
l.609 	\end{itemize}
                     [7]
<Images/SPI_read.png, id=481, 907.89188pt x 299.61937pt>
File: Images/SPI_read.png Graphic file (type png)
<use Images/SPI_read.png>
Package pdftex.def Info: Images/SPI_read.png  used on input line 656.
(pdftex.def)             Requested size: 907.88966pt x 299.61864pt.
<Images/SPI_write.png, id=484, 897.3525pt x 280.79906pt>
File: Images/SPI_write.png Graphic file (type png)
<use Images/SPI_write.png>
Package pdftex.def Info: Images/SPI_write.png  used on input line 662.
(pdftex.def)             Requested size: 897.3503pt x 280.79837pt.
 [8]
<Images/I2C_write.png, id=492, 965.10562pt x 141.52875pt>
File: Images/I2C_write.png Graphic file (type png)
<use Images/I2C_write.png>
Package pdftex.def Info: Images/I2C_write.png  used on input line 672.
(pdftex.def)             Requested size: 965.10327pt x 141.5284pt.
 [9 <./Images/SPI_read.png> <./Images/SPI_write.png>]
<Images/RGB565.png, id=501, 246.1697pt x 98.61844pt>
File: Images/RGB565.png Graphic file (type png)
<use Images/RGB565.png>
Package pdftex.def Info: Images/RGB565.png  used on input line 686.
(pdftex.def)             Requested size: 246.16908pt x 98.61818pt.
<Images/sobel-edge-detection.png, id=504, 564.60938pt x 234.1247pt>
File: Images/sobel-edge-detection.png Graphic file (type png)
<use Images/sobel-edge-detection.png>
Package pdftex.def Info: Images/sobel-edge-detection.png  used on input line 69
6.
(pdftex.def)             Requested size: 564.60799pt x 234.12411pt.
 [10 <./Images/I2C_write.png> <./Images/RGB565.png> <./Images/sobel-edge-detect
ion.png>]
<Images/socket_comm.png, id=517, 802.49812pt x 586.44093pt>
File: Images/socket_comm.png Graphic file (type png)
<use Images/socket_comm.png>
Package pdftex.def Info: Images/socket_comm.png  used on input line 706.
(pdftex.def)             Requested size: 802.49615pt x 586.43948pt.
<Images/sm_rot.png, id=521, 336.50719pt x 184.43906pt>
File: Images/sm_rot.png Graphic file (type png)
<use Images/sm_rot.png>
Package pdftex.def Info: Images/sm_rot.png  used on input line 716.
(pdftex.def)             Requested size: 336.50635pt x 184.4386pt.
 [11 <./Images/socket_comm.png> <./Images/sm_rot.png>]
<Images/coordinate_algorithm_concept.png, id=533, 615.0478pt x 414.04688pt>
File: Images/coordinate_algorithm_concept.png Graphic file (type png)
<use Images/coordinate_algorithm_concept.png>
Package pdftex.def Info: Images/coordinate_algorithm_concept.png  used on input
 line 726.
(pdftex.def)             Requested size: 615.04631pt x 414.04585pt.
<Images/square_detection_c_flowchart_simple.png, id=534, 1117.17375pt x 2011.51
5pt>
File: Images/square_detection_c_flowchart_simple.png Graphic file (type png)
<use Images/square_detection_c_flowchart_simple.png>
Package pdftex.def Info: Images/square_detection_c_flowchart_simple.png  used o
n input line 732.
(pdftex.def)             Requested size: 1117.17104pt x 2011.5101pt.
<Images/serpentine_c_flowchart.png, id=535, 993.7125pt x 2104.86375pt>
File: Images/serpentine_c_flowchart.png Graphic file (type png)
<use Images/serpentine_c_flowchart.png>
Package pdftex.def Info: Images/serpentine_c_flowchart.png  used on input line 
738.
(pdftex.def)             Requested size: 993.71007pt x 2104.85864pt.
 [12 <./Images/coordinate_algorithm_concept.png>] [13 <./Images/square_detectio
n_c_flowchart_simple.png>]
<Images/arducam.jpg, id=547, 731.73375pt x 1003.75pt>
File: Images/arducam.jpg Graphic file (type jpg)
<use Images/arducam.jpg>
Package pdftex.def Info: Images/arducam.jpg  used on input line 748.
(pdftex.def)             Requested size: 731.73196pt x 1003.74756pt.
 [14 <./Images/serpentine_c_flowchart.png>]
<Images/psoc.jpg, id=555, 2927.93875pt x 1619.04875pt>
File: Images/psoc.jpg Graphic file (type jpg)
<use Images/psoc.jpg>
Package pdftex.def Info: Images/psoc.jpg  used on input line 757.
(pdftex.def)             Requested size: 2927.93166pt x 1619.04482pt.
<Images/sm.png, id=556, 1003.75pt x 1003.75pt>
File: Images/sm.png Graphic file (type png)
<use Images/sm.png>
Package pdftex.def Info: Images/sm.png  used on input line 766.
(pdftex.def)             Requested size: 1003.74756pt x 1003.74756pt.
 [15 <./Images/arducam.jpg> <./Images/psoc.jpg>]
<Images/smDD.png, id=565, 738.76pt x 190.7125pt>
File: Images/smDD.png Graphic file (type png)
<use Images/smDD.png>
Package pdftex.def Info: Images/smDD.png  used on input line 776.
(pdftex.def)             Requested size: 738.75818pt x 190.71202pt.
<Images/huzzah.jpg, id=568, 667.74469pt x 315.42844pt>
File: Images/huzzah.jpg Graphic file (type jpg)
<use Images/huzzah.jpg>
Package pdftex.def Info: Images/huzzah.jpg  used on input line 786.
(pdftex.def)             Requested size: 667.74306pt x 315.42766pt.
 [16 <./Images/sm.png> <./Images/smDD.png>]
<Images/charger.png, id=577, 1204.5pt x 1204.5pt>
File: Images/charger.png Graphic file (type png)
<use Images/charger.png>
Package pdftex.def Info: Images/charger.png  used on input line 800.
(pdftex.def)             Requested size: 1204.49707pt x 1204.49707pt.
<Images/track.jpg, id=580, 380.92313pt x 126.4725pt>
File: Images/track.jpg Graphic file (type jpg)
<use Images/track.jpg>
Package pdftex.def Info: Images/track.jpg  used on input line 813.
(pdftex.def)             Requested size: 380.92218pt x 126.47218pt.
 [17 <./Images/huzzah.jpg> <./Images/charger.png>]
<Images/brackets.jpg, id=588, 501.875pt x 377.41pt>
File: Images/brackets.jpg Graphic file (type jpg)
<use Images/brackets.jpg>
Package pdftex.def Info: Images/brackets.jpg  used on input line 823.
(pdftex.def)             Requested size: 501.87376pt x 377.40907pt.
<Images/teeth.jpg, id=592, 352.31625pt x 298.86656pt>
File: Images/teeth.jpg Graphic file (type jpg)
<use Images/teeth.jpg>
Package pdftex.def Info: Images/teeth.jpg  used on input line 833.
(pdftex.def)             Requested size: 352.31538pt x 298.86581pt.
<Images/pulley.jpg, id=595, 223.58531pt x 120.45pt>
File: Images/pulley.jpg Graphic file (type jpg)
<use Images/pulley.jpg>
Package pdftex.def Info: Images/pulley.jpg  used on input line 839.
(pdftex.def)             Requested size: 223.58475pt x 120.44969pt.
<Images/prot.png, id=598, 1717.41624pt x 1908.12875pt>
File: Images/prot.png Graphic file (type png)
<use Images/prot.png>
Package pdftex.def Info: Images/prot.png  used on input line 849.
(pdftex.def)             Requested size: 1717.41208pt x 1908.12411pt.
 [18 <./Images/track.jpg> <./Images/brackets.jpg> <./Images/teeth.jpg> <./Image
s/pulley.jpg>]
<Images/front_view.png, id=604, 665.78737pt x 549.70369pt>
File: Images/front_view.png Graphic file (type png)
<use Images/front_view.png>
Package pdftex.def Info: Images/front_view.png  used on input line 862.
(pdftex.def)             Requested size: 665.78575pt x 549.70235pt.
<Images/side_view.png, id=605, 556.9307pt x 856.85118pt>
File: Images/side_view.png Graphic file (type png)
<use Images/side_view.png>
Package pdftex.def Info: Images/side_view.png  used on input line 868.
(pdftex.def)             Requested size: 556.92932pt x 856.84909pt.
 [19 <./Images/prot.png>]
[20 <./Images/front_view.png> <./Images/side_view.png>]
Overfull \hbox (37.63968pt too wide) in paragraph at lines 913--957
 [][] 
 []

[21]
Overfull \hbox (32.39539pt too wide) in paragraph at lines 964--997
 [][] 
 []


Overfull \hbox (39.99149pt too wide) in paragraph at lines 1004--1044
 [][] 
 []

[22]
<Images/test.png, id=625, 550.30594pt x 662.475pt>
File: Images/test.png Graphic file (type png)
<use Images/test.png>
Package pdftex.def Info: Images/test.png  used on input line 1054.
(pdftex.def)             Requested size: 550.3046pt x 662.47339pt.
 [23]
<Images/test2.png, id=630, 550.30594pt x 625.58719pt>
File: Images/test2.png Graphic file (type png)
<use Images/test2.png>
Package pdftex.def Info: Images/test2.png  used on input line 1061.
(pdftex.def)             Requested size: 550.3046pt x 625.58566pt.
 [24 <./Images/test.png>]

LaTeX Warning: File `Images/GANTT chart 186A 1.png' not found on input line 107
2.

<Images/GANTT chart 186A 1.png, id=637, 1003.49907pt x 578.91281pt>
File: Images/GANTT chart 186A 1.png Graphic file (type png)
<use Images/GANTT chart 186A 1.png>
Package pdftex.def Info: Images/GANTT chart 186A 1.png  used on input line 1072
.
(pdftex.def)             Requested size: 1003.49661pt x 578.91139pt.
[25 <./Images/test2.png>]

LaTeX Warning: File `Images/GANTT chart 186B.png' not found on input line 1079.


<Images/GANTT chart 186B.png, id=643, 1291.07344pt x 542.025pt>
File: Images/GANTT chart 186B.png Graphic file (type png)
<use Images/GANTT chart 186B.png>
Package pdftex.def Info: Images/GANTT chart 186B.png  used on input line 1079.
(pdftex.def)             Requested size: 1291.07031pt x 542.02367pt.
[26 <./Images/GANTT chart 186A 1.png> <./Images/GANTT chart 186B.png>] [27]
Overfull \hbox (10.0393pt too wide) in paragraph at lines 1197--1198
[]\T1/ptm/m/n/12 Strengths: elec-tri-cal sys-tems, cir-cuitry de-sign, prob-lem
 solv-ing, power sys-tems, pub-lic speak-ing/relations 
 []


Underfull \hbox (badness 10000) in paragraph at lines 1198--1199

 []

[28]
Underfull \hbox (badness 10000) in paragraph at lines 1203--1204

 []


Underfull \hbox (badness 10000) in paragraph at lines 1204--1205

 []


Underfull \hbox (badness 10000) in paragraph at lines 1205--1206

 []


Underfull \hbox (badness 10000) in paragraph at lines 1206--1207

 []


Underfull \hbox (badness 10000) in paragraph at lines 1207--1208

 []

[29] [30] (Final-Project-Report-Rough-Draft.bbl
LaTeX Font Info:    External font `cmex10' loaded for size
(Font)              <9> on input line 26.
LaTeX Font Info:    External font `cmex10' loaded for size
(Font)              <5> on input line 26.

Underfull \hbox (badness 10000) in paragraph at lines 38--40
[]\T1/ptm/m/n/9 A. Anand, ``Client and Server Chat-ting Ap-pli-ca-tion in Pytho
n,'' [][]$https : / / www . kodefork . com / articles /
 []

)
Package atveryend Info: Empty hook `BeforeClearDocument' on input line 1271.
 [31]
Package atveryend Info: Empty hook `AfterLastShipout' on input line 1271.
 (Final-Project-Report-Rough-Draft.aux)
Package atveryend Info: Executing hook `AtVeryEndDocument' on input line 1271.
Package atveryend Info: Executing hook `AtEndAfterFileList' on input line 1271.

Package rerunfilecheck Info: File `Final-Project-Report-Rough-Draft.out' has no
t changed.
(rerunfilecheck)             Checksum: 12E912278C979F56B6AA8CCD26109F1D;4549.


LaTeX Warning: There were multiply-defined labels.

Package atveryend Info: Empty hook `AtVeryVeryEnd' on input line 1271.
 ) 
Here is how much of TeX's memory you used:
 9082 strings out of 493312
 145876 string characters out of 3138899
 245190 words of memory out of 3000000
 12305 multiletter control sequences out of 15000+200000
 99616 words of font info for 107 fonts, out of 3000000 for 9000
 1141 hyphenation exceptions out of 8191
 37i,10n,77p,1282b,481s stack positions out of 5000i,500n,10000p,200000b,50000s
{C:/Program Files/MiKTeX 2.9/fonts/enc/dvips/base/8r.enc}<C:/Program Files/Mi
KTeX 2.9/fonts/type1/public/amsfonts/cm/cmmi12.pfb><C:/Program Files/MiKTeX 2.9
/fonts/type1/public/amsfonts/cm/cmr12.pfb><C:/Program Files/MiKTeX 2.9/fonts/ty
pe1/public/amsfonts/cm/cmsy10.pfb><C:/Program Files/MiKTeX 2.9/fonts/type1/publ
ic/amsfonts/cm/cmsy8.pfb><C:/Program Files/MiKTeX 2.9/fonts/type1/urw/times/utm
b8a.pfb><C:/Program Files/MiKTeX 2.9/fonts/type1/urw/times/utmr8a.pfb><C:/Progr
am Files/MiKTeX 2.9/fonts/type1/urw/times/utmri8a.pfb>
Output written on Final-Project-Report-Rough-Draft.pdf (38 pages, 4665579 bytes
).
PDF statistics:
 805 PDF objects out of 1000 (max. 8388607)
 155 named destinations out of 1000 (max. 500000)
 637 words of extra memory for PDF output out of 10000 (max. 10000000)

