\BOOKMARK [1][-]{section.1}{Introduction}{}% 1
\BOOKMARK [2][-]{subsection.1.1}{Work Distribution}{section.1}% 2
\BOOKMARK [1][-]{section.2}{Project Objectives and Success Criteria}{}% 3
\BOOKMARK [2][-]{subsection.2.1}{Main Objectives}{section.2}% 4
\BOOKMARK [2][-]{subsection.2.2}{Simple success criteria}{section.2}% 5
\BOOKMARK [3][-]{subsubsection.2.2.1}{Completed}{subsection.2.2}% 6
\BOOKMARK [3][-]{subsubsection.2.2.2}{Not Completed}{subsection.2.2}% 7
\BOOKMARK [2][-]{subsection.2.3}{Ambitious success criteria}{section.2}% 8
\BOOKMARK [3][-]{subsubsection.2.3.1}{Completed}{subsection.2.3}% 9
\BOOKMARK [3][-]{subsubsection.2.3.2}{Not Completed}{subsection.2.3}% 10
\BOOKMARK [1][-]{section.3}{High-Level Requirements}{}% 11
\BOOKMARK [1][-]{section.4}{Assumptions, Constraints, and Standards}{}% 12
\BOOKMARK [2][-]{subsection.4.1}{Assumptions}{section.4}% 13
\BOOKMARK [2][-]{subsection.4.2}{Constraints}{section.4}% 14
\BOOKMARK [2][-]{subsection.4.3}{Relevant Information Learned from Past Courses}{section.4}% 15
\BOOKMARK [3][-]{subsubsection.4.3.1}{Data Storage}{subsection.4.3}% 16
\BOOKMARK [3][-]{subsubsection.4.3.2}{Translate Detected Markings into Coordinate System \(Stepper Motor Rotations\)}{subsection.4.3}% 17
\BOOKMARK [3][-]{subsubsection.4.3.3}{Stepper Motor System Design}{subsection.4.3}% 18
\BOOKMARK [3][-]{subsubsection.4.3.4}{Microcontroller Involvement}{subsection.4.3}% 19
\BOOKMARK [3][-]{subsubsection.4.3.5}{Shortest Path Algorithm}{subsection.4.3}% 20
\BOOKMARK [3][-]{subsubsection.4.3.6}{Image Processing}{subsection.4.3}% 21
\BOOKMARK [3][-]{subsubsection.4.3.7}{Wireless Connectivity}{subsection.4.3}% 22
\BOOKMARK [2][-]{subsection.4.4}{Standards}{section.4}% 23
\BOOKMARK [1][-]{section.5}{Project Description and Boundaries}{}% 24
\BOOKMARK [2][-]{subsection.5.1}{Major Components}{section.5}% 25
\BOOKMARK [2][-]{subsection.5.2}{Minor Components}{section.5}% 26
\BOOKMARK [2][-]{subsection.5.3}{Software Components}{section.5}% 27
\BOOKMARK [3][-]{subsubsection.5.3.1}{SPI Communication}{subsection.5.3}% 28
\BOOKMARK [3][-]{subsubsection.5.3.2}{I2C Communication}{subsection.5.3}% 29
\BOOKMARK [3][-]{subsubsection.5.3.3}{Grayscale Conversion from RGB565}{subsection.5.3}% 30
\BOOKMARK [3][-]{subsubsection.5.3.4}{Sobel Edge Detection}{subsection.5.3}% 31
\BOOKMARK [3][-]{subsubsection.5.3.5}{Socket Programming for Wireless Communication}{subsection.5.3}% 32
\BOOKMARK [3][-]{subsubsection.5.3.6}{Stepper Motor Operations}{subsection.5.3}% 33
\BOOKMARK [3][-]{subsubsection.5.3.7}{Moving the Eraser to the Markings}{subsection.5.3}% 34
\BOOKMARK [2][-]{subsection.5.4}{Physical Technological Components}{section.5}% 35
\BOOKMARK [3][-]{subsubsection.5.4.1}{Arducam}{subsection.5.4}% 36
\BOOKMARK [3][-]{subsubsection.5.4.2}{PSoC 6 Microcontroller}{subsection.5.4}% 37
\BOOKMARK [3][-]{subsubsection.5.4.3}{Stepper Motors}{subsection.5.4}% 38
\BOOKMARK [3][-]{subsubsection.5.4.4}{Stepper Motor Drivers}{subsection.5.4}% 39
\BOOKMARK [3][-]{subsubsection.5.4.5}{HUZZAH32 for Stepper Motor Wireless Communication}{subsection.5.4}% 40
\BOOKMARK [3][-]{subsubsection.5.4.6}{PCBs}{subsection.5.4}% 41
\BOOKMARK [3][-]{subsubsection.5.4.7}{Additional Power}{subsection.5.4}% 42
\BOOKMARK [2][-]{subsection.5.5}{Physical Mechanical Components}{section.5}% 43
\BOOKMARK [3][-]{subsubsection.5.5.1}{Linear Motion Track System}{subsection.5.5}% 44
\BOOKMARK [3][-]{subsubsection.5.5.2}{Stepper Motor Mounts}{subsection.5.5}% 45
\BOOKMARK [3][-]{subsubsection.5.5.3}{Pulley System}{subsection.5.5}% 46
\BOOKMARK [2][-]{subsection.5.6}{Prototype Mounting Components}{section.5}% 47
\BOOKMARK [2][-]{subsection.5.7}{Boundaries}{section.5}% 48
\BOOKMARK [2][-]{subsection.5.8}{Technical Advisor Backgrounds}{section.5}% 49
\BOOKMARK [1][-]{section.6}{High-Level Risks}{}% 50
\BOOKMARK [1][-]{section.7}{Milestone Schedule}{}% 51
\BOOKMARK [1][-]{section.8}{Test Plan}{}% 52
\BOOKMARK [1][-]{section.9}{Gantt Charts}{}% 53
\BOOKMARK [1][-]{section.10}{Equipment and Budget}{}% 54
\BOOKMARK [1][-]{section.11}{Roles of Team Members}{}% 55
\BOOKMARK [2][-]{subsection.11.1}{Heather Libecki}{section.11}% 56
\BOOKMARK [2][-]{subsection.11.2}{Chris Quesada}{section.11}% 57
\BOOKMARK [2][-]{subsection.11.3}{Juan Colin}{section.11}% 58
\BOOKMARK [1][-]{section.12}{Analysis and Design}{}% 59
\BOOKMARK [2][-]{subsection.12.1}{SPI communication}{section.12}% 60
\BOOKMARK [2][-]{subsection.12.2}{I2C Communication}{section.12}% 61
\BOOKMARK [2][-]{subsection.12.3}{Image Processing}{section.12}% 62
\BOOKMARK [3][-]{subsubsection.12.3.1}{Resolution}{subsection.12.3}% 63
\BOOKMARK [3][-]{subsubsection.12.3.2}{Output Format}{subsection.12.3}% 64
\BOOKMARK [3][-]{subsubsection.12.3.3}{Resolution}{subsection.12.3}% 65
\BOOKMARK [3][-]{figure.caption.49}{Grayscale Results}{subsection.12.3}% 66
\BOOKMARK [3][-]{subsubsection.12.3.5}{Sobel Edge Detection}{subsection.12.3}% 67
\BOOKMARK [3][-]{figure.caption.56}{Results of Sobel Edge Detection}{subsection.12.3}% 68
\BOOKMARK [3][-]{subsubsection.12.3.7}{Results of Sobel Edge Detection}{subsection.12.3}% 69
\BOOKMARK [3][-]{subsubsection.12.3.8}{Results of Sobel Edge Detection}{subsection.12.3}% 70
\BOOKMARK [1][-]{section.13}{Stakeholder List}{}% 71
\BOOKMARK [1][-]{section.14}{Project Approval Requirements}{}% 72
\BOOKMARK [1][-]{section.15}{Approvals}{}% 73
\BOOKMARK [1][-]{section*.57}{References}{}% 74
\BOOKMARK [1][-]{section.16}{Appendices}{}% 75
\BOOKMARK [2][-]{subsection.16.1}{Appendix 1 - transmitter\137xy.ino}{section.16}% 76
\BOOKMARK [2][-]{subsection.16.2}{Appendix 2 - receiver\137x.ino}{section.16}% 77
\BOOKMARK [2][-]{subsection.16.3}{Appendix 3 - main.c}{section.16}% 78
\BOOKMARK [2][-]{subsection.16.4}{Appendix 4 - SPImaster.c}{section.16}% 79
\BOOKMARK [2][-]{subsection.16.5}{Appendix 5 - SPImaster.h}{section.16}% 80
\BOOKMARK [2][-]{subsection.16.6}{Appendix 6 - I2Cmaster.c}{section.16}% 81
\BOOKMARK [2][-]{subsection.16.7}{Appendix 7 - I2Cmaster.h}{section.16}% 82
\BOOKMARK [2][-]{subsection.16.8}{Appendix 8 - Arducam.c}{section.16}% 83
\BOOKMARK [2][-]{subsection.16.9}{Appendix 9 - Arducam.h}{section.16}% 84
\BOOKMARK [2][-]{subsection.16.10}{Appendix 10 - Improc.c}{section.16}% 85
\BOOKMARK [2][-]{subsection.16.11}{Appendix 11 - Improc.h}{section.16}% 86
\BOOKMARK [2][-]{subsection.16.12}{Appendix 12 - interface.h}{section.16}% 87
\BOOKMARK [2][-]{subsection.16.13}{Appendix 13 - square\137detection.c}{section.16}% 88
